Evaluating DMS index 2
Arguments: Namespace(MSA_data_folder='/home/dahala/mnt/PRIZM/data/protein_information/msa/files', DMS_reference_file_path='/home/dahala/mnt/PRIZM/ModellerModule/reference_files/FlA_reference.csv', protein_index=2, MSA_weights_location='/home/dahala/mnt/PRIZM/data/protein_information/msa/weights', theta_reweighting=None, random_seeds=[42], VAE_checkpoint_location='/home/dahala/mnt/PRIZM/finetuned_models/EVE', model_parameters_location='/home/dahala/mnt/PRIZM/ModellerModule/proteingym/baselines/EVE/EVE/default_model_params.json', DMS_data_folder='/home/dahala/mnt/PRIZM/data/insilico_libraries', output_scores_folder='/home/dahala/mnt/PRIZM/results/EVE/', num_samples_compute_evol_indices=20000, batch_size=1024, skip_existing=False, aggregation_method='full', threshold_focus_cols_frac_gaps=1.0)
Output file: /home/dahala/mnt/PRIZM/results/EVE/FlA_HIM_RelAct_DM_combi_insilico_library.csv
Theta MSA re-weighting: 0.2
Using custom threshold_focus_cols_frac_gaps:  1.0
Number of sequences in MSA (before preprocessing): 9519
Pre-processing MSA to remove inadequate columns and sequences...
Calculating proportion of gaps
Proportion of sequences dropped due to fraction of gaps: 0.0%
Proportion of non-focus columns removed: 0.0%
Number of sequences after preprocessing: 9452
One-hot encoding sequences
Not weighting sequence data
Neff = 9452.0
Data Shape = torch.Size([9452, 299, 20])
Creating all single mutations
Model name: FlA_HIM_alignment_seed_42
Initialized VAE with checkpoint '/home/dahala/mnt/PRIZM/finetuned_models/EVE/FlA_HIM_alignment_seed_42' 
Full length:  32851
size_per_chunk: 32851
chunk #: 0
One-hot encoding of mutated sequences complete
2025-02-05 10:57:18.964615 Peak memory in GB: 4.994
tmp debug: storage size of mutated_sequences_one_hot: 0.1965 GB
tmp debug: storage size of mutated_sequences_one_hot: 2.6282 GB


































































Time taken for 2: 10359.154763844 seconds
